<?xml version="1.0" encoding="UTF-8"?>
<!-- Generated by org.testng.reporters.JUnitXMLReporter -->
<testsuite ignored="0" hostname="ilu" failures="0" tests="6" name="Default test" time="11.488" errors="0" timestamp="2024-10-11T23:21:47 IST">
  <testcase classname="api.test.DDTests" name="testPostUser" time="3.197"/>
  <testcase classname="api.test.DDTests" name="testPostUser" time="1.342"/>
  <testcase classname="api.test.DDTests" name="testPostUser" time="1.393"/>
  <testcase classname="api.test.DDTests" name="testDeleteUserByName" time="1.367"/>
  <testcase classname="api.test.DDTests" name="testDeleteUserByName" time="1.369"/>
  <testcase classname="api.test.DDTests" name="testDeleteUserByName" time="1.381"/>
</testsuite> <!-- Default test -->
