<?xml version="1.0" encoding="UTF-8"?>
<testng-results ignored="0" total="4" passed="4" failed="0" skipped="0">
  <reporter-output>
  </reporter-output>
  <suite started-at="2024-10-12T17:13:14 IST" name="PetSuite" finished-at="2024-10-12T17:13:24 IST" duration-ms="10306">
    <groups>
    </groups>
    <test started-at="2024-10-12T17:13:14 IST" name="PetTests" finished-at="2024-10-12T17:13:24 IST" duration-ms="10306">
      <class name="api.test.UserTests">
        <test-method is-config="true" signature="setup()[pri:0, instance:api.test.UserTests@4d9e68d0]" started-at="2024-10-12T17:13:14 IST" name="setup" finished-at="2024-10-12T17:13:15 IST" duration-ms="833" status="PASS">
          <reporter-output>
          </reporter-output>
        </test-method> <!-- setup -->
        <test-method signature="testPostUser()[pri:1, instance:api.test.UserTests@4d9e68d0]" started-at="2024-10-12T17:13:15 IST" name="testPostUser" finished-at="2024-10-12T17:13:19 IST" duration-ms="3628" status="PASS">
          <reporter-output>
          </reporter-output>
        </test-method> <!-- testPostUser -->
        <test-method signature="testGetUserByName()[pri:2, instance:api.test.UserTests@4d9e68d0]" started-at="2024-10-12T17:13:19 IST" name="testGetUserByName" finished-at="2024-10-12T17:13:20 IST" duration-ms="1382" status="PASS">
          <reporter-output>
          </reporter-output>
        </test-method> <!-- testGetUserByName -->
        <test-method signature="testUpdateUserByName()[pri:3, instance:api.test.UserTests@4d9e68d0]" started-at="2024-10-12T17:13:20 IST" name="testUpdateUserByName" finished-at="2024-10-12T17:13:23 IST" duration-ms="2765" status="PASS">
          <reporter-output>
          </reporter-output>
        </test-method> <!-- testUpdateUserByName -->
        <test-method signature="testDeleteUserByName()[pri:4, instance:api.test.UserTests@4d9e68d0]" started-at="2024-10-12T17:13:23 IST" name="testDeleteUserByName" finished-at="2024-10-12T17:13:24 IST" duration-ms="1368" status="PASS">
          <reporter-output>
          </reporter-output>
        </test-method> <!-- testDeleteUserByName -->
      </class> <!-- api.test.UserTests -->
    </test> <!-- PetTests -->
  </suite> <!-- PetSuite -->
</testng-results>
