<?xml version="1.0" encoding="UTF-8"?>
<!-- Generated by org.testng.reporters.JUnitXMLReporter -->
<testsuite ignored="0" hostname="ilu" failures="0" tests="4" name="PetTests" time="10.306" errors="0" timestamp="2024-10-12T17:13:25 IST">
  <testcase classname="api.test.UserTests" name="testPostUser" time="3.628"/>
  <testcase classname="api.test.UserTests" name="testGetUserByName" time="1.382"/>
  <testcase classname="api.test.UserTests" name="testUpdateUserByName" time="2.765"/>
  <testcase classname="api.test.UserTests" name="testDeleteUserByName" time="1.368"/>
</testsuite> <!-- PetTests -->
