<?xml version="1.0" encoding="UTF-8"?>
<!-- Generated by org.testng.reporters.JUnitXMLReporter -->
<testsuite ignored="0" hostname="ilu" failures="0" tests="4" name="PetTests" time="10.562" errors="0" timestamp="2024-10-12T16:41:21 IST">
  <testcase classname="api.test.UserTests2" name="testPostUser" time="3.793"/>
  <testcase classname="api.test.UserTests2" name="testGetUserByName" time="1.414"/>
  <testcase classname="api.test.UserTests2" name="testUpdateUserByName" time="2.817"/>
  <testcase classname="api.test.UserTests2" name="testDeleteUserByName" time="1.402"/>
</testsuite> <!-- PetTests -->
